<?xml version="1.0" encoding="UTF-8"?>
<testsuite xmlns:xsi="http://www.w3.org/2001/XMLSchema-instance" xsi:noNamespaceSchemaLocation="https://maven.apache.org/surefire/maven-surefire-plugin/xsd/surefire-test-report.xsd" name="RadioTest" time="0.082" tests="30" errors="0" skipped="0" failures="0">
  <properties>
[...]
</properties>
  <testcase name="testLargeCurrentVolume" classname="RadioTest" time="0.037"/>
  <testcase name="testMinusCurrentVolume" classname="RadioTest" time="0"/>
  <testcase name="testZeroDecreaseVolume" classname="RadioTest" time="0.001"/>
  <testcase name="testTenCurrentStation" classname="RadioTest" time="0"/>
  <testcase name="testZeroCurrentVolume" classname="RadioTest" time="0"/>
  <testcase name="testTCurrentStation" classname="RadioTest" time="0"/>
  <testcase name="testWCurrentStation" classname="RadioTest" time="0.001"/>
  <testcase name="testTenDecreaseVolume" classname="RadioTest" time="0.001"/>
  <testcase name="testZCurrentStation" classname="RadioTest" time="0.001"/>
  <testcase name="testOneCurrentStation" classname="RadioTest" time="0"/>
  <testcase name="testIncreaseVolume" classname="RadioTest" time="0"/>
  <testcase name="testEdCurrentStation" classname="RadioTest" time="0"/>
  <testcase name="testMinusCurrentStation" classname="RadioTest" time="0"/>
  <testcase name="testOneDecreaseVolume" classname="RadioTest" time="0.001"/>
  <testcase name="testLargeCurrentStation" classname="RadioTest" time="0.001"/>
  <testcase name="testACurrentStation" classname="RadioTest" time="0.001"/>
  <testcase name="testCurrentVolume" classname="RadioTest" time="0.001"/>
  <testcase name="test" classname="RadioTest" time="0"/>
  <testcase name="testOneCurrentVolume" classname="RadioTest" time="0"/>
  <testcase name="testNineCurrentVolume" classname="RadioTest" time="0"/>
  <testcase name="testTenCurrentVolume" classname="RadioTest" time="0"/>
  <testcase name="testFiveIncreaseVolume" classname="RadioTest" time="0"/>
  <testcase name="testBCurrentStation" classname="RadioTest" time="0"/>
  <testcase name="testECurrentStation" classname="RadioTest" time="0"/>
  <testcase name="testNineIncreaseVolume" classname="RadioTest" time="0.001"/>
  <testcase name="testElCurrentVolume" classname="RadioTest" time="0.001"/>
  <testcase name="testZeroCurrentStation" classname="RadioTest" time="0.001"/>
  <testcase name="testNineCurrentStation" classname="RadioTest" time="0.001"/>
  <testcase name="testTenIncreaseVolume" classname="RadioTest" time="0.001"/>
  <testcase name="testFiveDecreaseVolume" classname="RadioTest" time="0"/>
</testsuite>